. 2019-08-07 13:06:53.266 --------------------------------------------------------------------------
. 2019-08-07 13:06:53.267 WinSCP Version 5.13.4 (Build 8731) (OS 10.0.17134 - Windows 10 Enterprise)
. 2019-08-07 13:06:53.267 Configuration: HKCU\Software\Martin Prikryl\WinSCP 2\
. 2019-08-07 13:06:53.267 Log level: Normal
. 2019-08-07 13:06:53.267 Local account: MNBWILDW1806711\Wilson Lab
. 2019-08-07 13:06:53.267 Working directory: C:\Users\Wilson Lab
. 2019-08-07 13:06:53.267 Process ID: 11820
. 2019-08-07 13:06:53.268 Command-line: "C:\Program Files (x86)\WinSCP\WinSCP.exe"  /log="C:\Users\Wilson Lab\Desktop\Michael\2p_acq_code\WinSCP.log" /script="C:\Users\Wilson Lab\Desktop\Michael\2p_acq_code\Wombat-WinSCP-script.txt" /parameter "2019_08_07_exp_1" "C:\Users\Wilson Lab\Desktop\Michael\Data\2019_08_07_exp_1"
. 2019-08-07 13:06:53.268 Time zone: Current: GMT-4, Standard: GMT-5 (Eastern Standard Time), DST: GMT-4 (Eastern Daylight Time), DST Start: 3/10/2019, DST End: 11/3/2019
. 2019-08-07 13:06:53.268 Login time: Wednesday, August 7, 2019 1:06:53 PM
. 2019-08-07 13:06:53.268 --------------------------------------------------------------------------
. 2019-08-07 13:06:53.268 Script: Retrospectively logging previous script records:
> 2019-08-07 13:06:53.268 Script: open sftp://mjm60:***@transfer.rc.hms.harvard.edu/ -hostkey="ssh-rsa 2048 8yw8x5M4WqNYuVY3FMltn3Hu3rc19VN6pvBpWn2dsrw="
. 2019-08-07 13:06:53.268 --------------------------------------------------------------------------
. 2019-08-07 13:06:53.268 Session name: mjm60@transfer.rc.hms.harvard.edu (Ad-Hoc site)
. 2019-08-07 13:06:53.268 Host name: transfer.rc.hms.harvard.edu (Port: 22)
. 2019-08-07 13:06:53.268 User name: mjm60 (Password: Yes, Key file: No, Passphrase: No)
. 2019-08-07 13:06:53.268 Tunnel: No
. 2019-08-07 13:06:53.268 Transfer Protocol: SFTP
. 2019-08-07 13:06:53.268 Ping type: Off, Ping interval: 30 sec; Timeout: 15 sec
. 2019-08-07 13:06:53.269 Disable Nagle: No
. 2019-08-07 13:06:53.269 Proxy: None
. 2019-08-07 13:06:53.269 Send buffer: 262144
. 2019-08-07 13:06:53.269 SSH protocol version: 2; Compression: No
. 2019-08-07 13:06:53.269 Bypass authentication: No
. 2019-08-07 13:06:53.269 Try agent: Yes; Agent forwarding: No; TIS/CryptoCard: No; KI: Yes; GSSAPI: Yes
. 2019-08-07 13:06:53.269 GSSAPI: Forwarding: No; Libs: gssapi32,sspi,custom; Custom: 
. 2019-08-07 13:06:53.269 Ciphers: aes,chacha20,blowfish,3des,WARN,arcfour,des; Ssh2DES: No
. 2019-08-07 13:06:53.269 KEX: ecdh,dh-gex-sha1,dh-group14-sha1,rsa,WARN,dh-group1-sha1
. 2019-08-07 13:06:53.269 SSH Bugs: Auto,Auto,Auto,Auto,Auto,Auto,Auto,Auto,Auto,Auto,Auto,Auto,Auto
. 2019-08-07 13:06:53.269 Simple channel: Yes
. 2019-08-07 13:06:53.269 Return code variable: Autodetect; Lookup user groups: Auto
. 2019-08-07 13:06:53.269 Shell: default
. 2019-08-07 13:06:53.269 EOL: LF, UTF: Auto
. 2019-08-07 13:06:53.269 Clear aliases: Yes, Unset nat.vars: Yes, Resolve symlinks: Yes; Follow directory symlinks: No
. 2019-08-07 13:06:53.269 LS: ls -la, Ign LS warn: Yes, Scp1 Comp: No
. 2019-08-07 13:06:53.269 SFTP Bugs: Auto,Auto
. 2019-08-07 13:06:53.269 SFTP Server: default
. 2019-08-07 13:06:53.269 Local directory: default, Remote directory: home, Update: Yes, Cache: Yes
. 2019-08-07 13:06:53.269 Cache directory changes: Yes, Permanent: Yes
. 2019-08-07 13:06:53.269 Recycle bin: Delete to: No, Overwritten to: No, Bin path: 
. 2019-08-07 13:06:53.269 DST mode: Unix
. 2019-08-07 13:06:53.269 --------------------------------------------------------------------------
. 2019-08-07 13:06:53.269 Looking up host "transfer.rc.hms.harvard.edu" for SSH connection
. 2019-08-07 13:06:53.283 Connecting to 134.174.149.9 port 22
. 2019-08-07 13:06:53.284 We claim version: SSH-2.0-WinSCP_release_5.13.4
. 2019-08-07 13:06:53.290 Server version: SSH-2.0-OpenSSH_5.3
. 2019-08-07 13:06:53.290 We believe remote version has SSH-2 channel request bug
. 2019-08-07 13:06:53.290 Using SSH protocol version 2
. 2019-08-07 13:06:53.291 Have a known host key of type rsa2
. 2019-08-07 13:06:53.293 Doing Diffie-Hellman group exchange
. 2019-08-07 13:06:53.296 Doing Diffie-Hellman key exchange with hash SHA-256
. 2019-08-07 13:06:54.091 Server also has ssh-dss host key, but we don't know it
. 2019-08-07 13:06:54.091 Host key fingerprint is:
. 2019-08-07 13:06:54.091 ssh-rsa 2048 43:ad:74:a6:38:c5:54:31:41:05:f2:a2:d1:50:62:15 8yw8x5M4WqNYuVY3FMltn3Hu3rc19VN6pvBpWn2dsrw=
. 2019-08-07 13:06:54.091 Host key matches cached key
. 2019-08-07 13:06:54.092 Initialised AES-256 SDCTR client->server encryption
. 2019-08-07 13:06:54.092 Initialised HMAC-SHA-256 client->server MAC algorithm
. 2019-08-07 13:06:54.092 Initialised AES-256 SDCTR server->client encryption
. 2019-08-07 13:06:54.092 Initialised HMAC-SHA-256 server->client MAC algorithm
! 2019-08-07 13:06:54.133 Using username "mjm60".
. 2019-08-07 13:06:54.169 Server offered these authentication methods: publickey,gssapi-keyex,gssapi-with-mic,password
. 2019-08-07 13:06:54.169 Using SSPI from SECUR32.DLL
. 2019-08-07 13:06:54.169 Attempting GSSAPI authentication
. 2019-08-07 13:06:54.172 GSSAPI authentication request refused
. 2019-08-07 13:06:54.172 Server offered these authentication methods: publickey,gssapi-keyex,gssapi-with-mic,password
. 2019-08-07 13:06:54.172 Prompt (password, "SSH password", <no instructions>, "&Password: ")
. 2019-08-07 13:06:54.172 Using stored password.
. 2019-08-07 13:06:54.172 Sent password
. 2019-08-07 13:06:54.212 Access granted
. 2019-08-07 13:06:54.213 Opening session as main channel
. 2019-08-07 13:06:54.298 Opened main channel
. 2019-08-07 13:06:54.300 Started a shell/command
. 2019-08-07 13:06:54.300 --------------------------------------------------------------------------
. 2019-08-07 13:06:54.300 Using SFTP protocol.
. 2019-08-07 13:06:54.300 Doing startup conversation with host.
> 2019-08-07 13:06:54.300 Type: SSH_FXP_INIT, Size: 5, Number: -1
< 2019-08-07 13:06:54.306 Type: SSH_FXP_VERSION, Size: 95, Number: -1
. 2019-08-07 13:06:54.306 SFTP version 3 negotiated.
. 2019-08-07 13:06:54.306 Unknown server extension posix-rename@openssh.com="1"
. 2019-08-07 13:06:54.306 Supports statvfs@openssh.com extension version "2"
. 2019-08-07 13:06:54.306 Unknown server extension fstatvfs@openssh.com="2"
. 2019-08-07 13:06:54.306 We believe the server has signed timestamps bug
. 2019-08-07 13:06:54.306 We will use UTF-8 strings until server sends an invalid UTF-8 string as with SFTP version 3 and older UTF-8 strings are not mandatory
. 2019-08-07 13:06:54.306 Limiting packet size to OpenSSH sftp-server limit of 262148 bytes
. 2019-08-07 13:06:54.306 Getting current directory name.
. 2019-08-07 13:06:54.306 Getting real path for '.'
> 2019-08-07 13:06:54.306 Type: SSH_FXP_REALPATH, Size: 10, Number: 16
< 2019-08-07 13:06:54.307 Type: SSH_FXP_NAME, Size: 43, Number: 16
. 2019-08-07 13:06:54.307 Real path is '/home/mjm60'
. 2019-08-07 13:06:54.307 Startup conversation with host finished.
< 2019-08-07 13:06:54.307 Script: Active session: [1] mjm60@transfer.rc.hms.harvard.edu
> 2019-08-07 13:06:54.307 Script: mkdir "/n/scratch2/mjm60/2019_08_07_exp_1"
. 2019-08-07 13:06:54.307 Creating directory "/n/scratch2/mjm60/2019_08_07_exp_1".
. 2019-08-07 13:06:54.308 Canonifying: "/n/scratch2/mjm60/2019_08_07_exp_1"
. 2019-08-07 13:06:54.308 Getting real path for '/n/scratch2/mjm60/2019_08_07_exp_1'
> 2019-08-07 13:06:54.308 Type: SSH_FXP_REALPATH, Size: 43, Number: 528
< 2019-08-07 13:06:54.310 Type: SSH_FXP_STATUS, Size: 29, Number: 528
< 2019-08-07 13:06:54.310 Status code: 2, Message: 528, Server: No such file, Language:  
. 2019-08-07 13:06:54.310 Getting real path for '/n/scratch2/mjm60/'
> 2019-08-07 13:06:54.310 Type: SSH_FXP_REALPATH, Size: 27, Number: 784
< 2019-08-07 13:06:54.311 Type: SSH_FXP_NAME, Size: 55, Number: 784
. 2019-08-07 13:06:54.311 Real path is '/n/scratch2/mjm60'
. 2019-08-07 13:06:54.311 Canonified: "/n/scratch2/mjm60/2019_08_07_exp_1"
> 2019-08-07 13:06:54.311 Type: SSH_FXP_MKDIR, Size: 47, Number: 270
< 2019-08-07 13:06:54.313 Type: SSH_FXP_STATUS, Size: 24, Number: 270
< 2019-08-07 13:06:54.313 Status code: 0
> 2019-08-07 13:06:54.313 Script: mkdir "/n/scratch2/mjm60/2019_08_07_exp_1/BehaviorVideo"
. 2019-08-07 13:06:54.313 Creating directory "/n/scratch2/mjm60/2019_08_07_exp_1/BehaviorVideo".
. 2019-08-07 13:06:54.313 Canonifying: "/n/scratch2/mjm60/2019_08_07_exp_1/BehaviorVideo"
. 2019-08-07 13:06:54.313 Getting real path for '/n/scratch2/mjm60/2019_08_07_exp_1/BehaviorVideo'
> 2019-08-07 13:06:54.313 Type: SSH_FXP_REALPATH, Size: 57, Number: 1296
< 2019-08-07 13:06:54.315 Type: SSH_FXP_STATUS, Size: 29, Number: 1296
< 2019-08-07 13:06:54.316 Status code: 2, Message: 1296, Server: No such file, Language:  
. 2019-08-07 13:06:54.316 Getting real path for '/n/scratch2/mjm60/2019_08_07_exp_1/'
> 2019-08-07 13:06:54.316 Type: SSH_FXP_REALPATH, Size: 44, Number: 1552
< 2019-08-07 13:06:54.317 Type: SSH_FXP_NAME, Size: 89, Number: 1552
. 2019-08-07 13:06:54.317 Real path is '/n/scratch2/mjm60/2019_08_07_exp_1'
. 2019-08-07 13:06:54.317 Canonified: "/n/scratch2/mjm60/2019_08_07_exp_1/BehaviorVideo"
> 2019-08-07 13:06:54.317 Type: SSH_FXP_MKDIR, Size: 61, Number: 1038
< 2019-08-07 13:06:54.318 Type: SSH_FXP_STATUS, Size: 24, Number: 1038
< 2019-08-07 13:06:54.318 Status code: 0
> 2019-08-07 13:06:54.318 Script: mkdir "/n/scratch2/mjm60/2019_08_07_exp_1/ImagingData"
. 2019-08-07 13:06:54.318 Creating directory "/n/scratch2/mjm60/2019_08_07_exp_1/ImagingData".
. 2019-08-07 13:06:54.318 Canonifying: "/n/scratch2/mjm60/2019_08_07_exp_1/ImagingData"
. 2019-08-07 13:06:54.318 Getting real path for '/n/scratch2/mjm60/2019_08_07_exp_1/ImagingData'
> 2019-08-07 13:06:54.318 Type: SSH_FXP_REALPATH, Size: 55, Number: 2064
< 2019-08-07 13:06:54.320 Type: SSH_FXP_STATUS, Size: 29, Number: 2064
< 2019-08-07 13:06:54.320 Status code: 2, Message: 2064, Server: No such file, Language:  
. 2019-08-07 13:06:54.320 Getting real path for '/n/scratch2/mjm60/2019_08_07_exp_1/'
> 2019-08-07 13:06:54.320 Type: SSH_FXP_REALPATH, Size: 44, Number: 2320
< 2019-08-07 13:06:54.321 Type: SSH_FXP_NAME, Size: 89, Number: 2320
. 2019-08-07 13:06:54.321 Real path is '/n/scratch2/mjm60/2019_08_07_exp_1'
. 2019-08-07 13:06:54.321 Canonified: "/n/scratch2/mjm60/2019_08_07_exp_1/ImagingData"
> 2019-08-07 13:06:54.321 Type: SSH_FXP_MKDIR, Size: 59, Number: 1806
< 2019-08-07 13:06:54.322 Type: SSH_FXP_STATUS, Size: 24, Number: 1806
< 2019-08-07 13:06:54.322 Status code: 0
> 2019-08-07 13:06:54.323 Script: lcd "C:\Users\Wilson Lab\Desktop\Michael\Data\2019_08_07_exp_1"
< 2019-08-07 13:06:54.323 Script: C:\Users\Wilson Lab\Desktop\Michael\Data\2019_08_07_exp_1
> 2019-08-07 13:06:54.323 Script: put * "/n/scratch2/mjm60/2019_08_07_exp_1/BehaviorVideo/"
. 2019-08-07 13:06:54.324 Copying 3 files/directories to remote directory "/n/scratch2/mjm60/2019_08_07_exp_1/BehaviorVideo/" - total size: 0
. 2019-08-07 13:06:54.324   PrTime: Yes; PrRO: No; Rght: rw-r--r--; PrR: No (No); FnCs: N; RIC: 0100; Resume: S (102400); CalcS: No; Mask: 
. 2019-08-07 13:06:54.324   TM: B; ClAr: No; RemEOF: No; RemBOM: No; CPS: 0; NewerOnly: No; InclM: ; ResumeL: 0
. 2019-08-07 13:06:54.324   AscM: *.*html; *.htm; *.txt; *.php; *.php3; *.cgi; *.c; *.cpp; *.h; *.pas; *.bas; *.tex; *.pl; *.js; .htaccess; *.xtml; *.css; *.cfg; *.ini; *.sh; *.xml
. 2019-08-07 13:06:54.324 Getting real path for '/n/scratch2/mjm60/2019_08_07_exp_1/BehaviorVideo/'
> 2019-08-07 13:06:54.324 Type: SSH_FXP_REALPATH, Size: 58, Number: 2576
< 2019-08-07 13:06:54.326 Type: SSH_FXP_NAME, Size: 117, Number: 2576
. 2019-08-07 13:06:54.326 Real path is '/n/scratch2/mjm60/2019_08_07_exp_1/BehaviorVideo'
. 2019-08-07 13:06:54.327 File: 'test1.txt' [2019-08-07T16:58:06.890Z] [0]
. 2019-08-07 13:06:54.327 Copying "test1.txt" to remote directory started.
. 2019-08-07 13:06:54.327 Binary transfer mode selected.
. 2019-08-07 13:06:54.327 Opening remote file.
> 2019-08-07 13:06:54.327 Type: SSH_FXP_OPEN, Size: 83, Number: 2819
< 2019-08-07 13:06:54.329 Type: SSH_FXP_HANDLE, Size: 13, Number: 2819
> 2019-08-07 13:06:54.329 Type: SSH_FXP_CLOSE, Size: 13, Number: 3332
> 2019-08-07 13:06:54.329 Type: SSH_FXP_SETSTAT, Size: 79, Number: 3081
< 2019-08-07 13:06:54.330 Type: SSH_FXP_STATUS, Size: 24, Number: 3332
< 2019-08-07 13:06:54.330 Status code: 0
. 2019-08-07 13:06:54.330 Preserving timestamp [2019-08-07T16:58:06.000Z]
< 2019-08-07 13:06:54.332 Type: SSH_FXP_STATUS, Size: 24, Number: 3081
< 2019-08-07 13:06:54.332 Status code: 0
. 2019-08-07 13:06:54.333 Transfer done: 'test1.txt' => '/n/scratch2/mjm60/2019_08_07_exp_1/BehaviorVideo/test1.txt' [0]
. 2019-08-07 13:06:54.333 File: 'test2.txt' [2019-08-07T16:58:06.890Z] [0]
. 2019-08-07 13:06:54.333 Copying "test2.txt" to remote directory started.
. 2019-08-07 13:06:54.333 Binary transfer mode selected.
. 2019-08-07 13:06:54.333 Opening remote file.
> 2019-08-07 13:06:54.334 Type: SSH_FXP_OPEN, Size: 83, Number: 3587
< 2019-08-07 13:06:54.335 Type: SSH_FXP_HANDLE, Size: 13, Number: 3587
> 2019-08-07 13:06:54.335 Type: SSH_FXP_CLOSE, Size: 13, Number: 4100
> 2019-08-07 13:06:54.335 Type: SSH_FXP_SETSTAT, Size: 79, Number: 3849
< 2019-08-07 13:06:54.336 Type: SSH_FXP_STATUS, Size: 24, Number: 4100
< 2019-08-07 13:06:54.336 Status code: 0
. 2019-08-07 13:06:54.336 Preserving timestamp [2019-08-07T16:58:06.000Z]
< 2019-08-07 13:06:54.338 Type: SSH_FXP_STATUS, Size: 24, Number: 3849
< 2019-08-07 13:06:54.338 Status code: 0
. 2019-08-07 13:06:54.338 Transfer done: 'test2.txt' => '/n/scratch2/mjm60/2019_08_07_exp_1/BehaviorVideo/test2.txt' [0]
. 2019-08-07 13:06:54.339 File: 'test3.txt' [2019-08-07T16:58:06.890Z] [0]
. 2019-08-07 13:06:54.339 Copying "test3.txt" to remote directory started.
. 2019-08-07 13:06:54.339 Binary transfer mode selected.
. 2019-08-07 13:06:54.339 Opening remote file.
> 2019-08-07 13:06:54.339 Type: SSH_FXP_OPEN, Size: 83, Number: 4355
< 2019-08-07 13:06:54.341 Type: SSH_FXP_HANDLE, Size: 13, Number: 4355
> 2019-08-07 13:06:54.341 Type: SSH_FXP_CLOSE, Size: 13, Number: 4868
> 2019-08-07 13:06:54.341 Type: SSH_FXP_SETSTAT, Size: 79, Number: 4617
< 2019-08-07 13:06:54.342 Type: SSH_FXP_STATUS, Size: 24, Number: 4868
< 2019-08-07 13:06:54.342 Status code: 0
. 2019-08-07 13:06:54.342 Preserving timestamp [2019-08-07T16:58:06.000Z]
< 2019-08-07 13:06:54.344 Type: SSH_FXP_STATUS, Size: 24, Number: 4617
< 2019-08-07 13:06:54.344 Status code: 0
. 2019-08-07 13:06:54.344 Transfer done: 'test3.txt' => '/n/scratch2/mjm60/2019_08_07_exp_1/BehaviorVideo/test3.txt' [0]
. 2019-08-07 13:06:54.344 Copying finished: Transferred: 0, Elapsed: 0:00:00, CPS: 0/s
> 2019-08-07 13:06:54.345 Script: exit
. 2019-08-07 13:06:54.345 Script: Exit code: 0
. 2019-08-07 13:06:54.345 Closing connection.
. 2019-08-07 13:06:54.345 Sending special code: 12
. 2019-08-07 13:06:54.345 Sent EOF message
. 2019-08-07 13:56:53.593 --------------------------------------------------------------------------
. 2019-08-07 13:56:53.593 WinSCP Version 5.13.4 (Build 8731) (OS 10.0.17134 - Windows 10 Enterprise)
. 2019-08-07 13:56:53.593 Configuration: HKCU\Software\Martin Prikryl\WinSCP 2\
. 2019-08-07 13:56:53.593 Log level: Normal
. 2019-08-07 13:56:53.593 Local account: MNBWILDW1806711\Wilson Lab
. 2019-08-07 13:56:53.593 Working directory: C:\Users\Wilson Lab
. 2019-08-07 13:56:53.593 Process ID: 1444
. 2019-08-07 13:56:53.594 Command-line: "C:\Program Files (x86)\WinSCP\WinSCP.exe"  /log="C:\Users\Wilson Lab\Desktop\Michael\2p_acq_code\WinSCP.log" /script="C:\Users\Wilson Lab\Desktop\Michael\2p_acq_code\Wombat-WinSCP-script.txt" /parameter "2019_08_07_exp_1" "C:\Users\Wilson Lab\Desktop\Michael\Data\2019_08_07_exp_1"
. 2019-08-07 13:56:53.594 Time zone: Current: GMT-4, Standard: GMT-5 (Eastern Standard Time), DST: GMT-4 (Eastern Daylight Time), DST Start: 3/10/2019, DST End: 11/3/2019
. 2019-08-07 13:56:53.594 Login time: Wednesday, August 7, 2019 1:56:53 PM
. 2019-08-07 13:56:53.594 --------------------------------------------------------------------------
. 2019-08-07 13:56:53.594 Script: Retrospectively logging previous script records:
> 2019-08-07 13:56:53.594 Script: open sftp://mjm60:***@transfer.rc.hms.harvard.edu/ -hostkey="ssh-rsa 2048 8yw8x5M4WqNYuVY3FMltn3Hu3rc19VN6pvBpWn2dsrw="
. 2019-08-07 13:56:53.594 --------------------------------------------------------------------------
. 2019-08-07 13:56:53.594 Session name: mjm60@transfer.rc.hms.harvard.edu (Ad-Hoc site)
. 2019-08-07 13:56:53.594 Host name: transfer.rc.hms.harvard.edu (Port: 22)
. 2019-08-07 13:56:53.595 User name: mjm60 (Password: Yes, Key file: No, Passphrase: No)
. 2019-08-07 13:56:53.595 Tunnel: No
. 2019-08-07 13:56:53.595 Transfer Protocol: SFTP
. 2019-08-07 13:56:53.595 Ping type: Off, Ping interval: 30 sec; Timeout: 15 sec
. 2019-08-07 13:56:53.595 Disable Nagle: No
. 2019-08-07 13:56:53.595 Proxy: None
. 2019-08-07 13:56:53.595 Send buffer: 262144
. 2019-08-07 13:56:53.595 SSH protocol version: 2; Compression: No
. 2019-08-07 13:56:53.595 Bypass authentication: No
. 2019-08-07 13:56:53.595 Try agent: Yes; Agent forwarding: No; TIS/CryptoCard: No; KI: Yes; GSSAPI: Yes
. 2019-08-07 13:56:53.595 GSSAPI: Forwarding: No; Libs: gssapi32,sspi,custom; Custom: 
. 2019-08-07 13:56:53.595 Ciphers: aes,chacha20,blowfish,3des,WARN,arcfour,des; Ssh2DES: No
. 2019-08-07 13:56:53.595 KEX: ecdh,dh-gex-sha1,dh-group14-sha1,rsa,WARN,dh-group1-sha1
. 2019-08-07 13:56:53.595 SSH Bugs: Auto,Auto,Auto,Auto,Auto,Auto,Auto,Auto,Auto,Auto,Auto,Auto,Auto
. 2019-08-07 13:56:53.595 Simple channel: Yes
. 2019-08-07 13:56:53.595 Return code variable: Autodetect; Lookup user groups: Auto
. 2019-08-07 13:56:53.595 Shell: default
. 2019-08-07 13:56:53.595 EOL: LF, UTF: Auto
. 2019-08-07 13:56:53.595 Clear aliases: Yes, Unset nat.vars: Yes, Resolve symlinks: Yes; Follow directory symlinks: No
. 2019-08-07 13:56:53.595 LS: ls -la, Ign LS warn: Yes, Scp1 Comp: No
. 2019-08-07 13:56:53.595 SFTP Bugs: Auto,Auto
. 2019-08-07 13:56:53.595 SFTP Server: default
. 2019-08-07 13:56:53.595 Local directory: default, Remote directory: home, Update: Yes, Cache: Yes
. 2019-08-07 13:56:53.595 Cache directory changes: Yes, Permanent: Yes
. 2019-08-07 13:56:53.595 Recycle bin: Delete to: No, Overwritten to: No, Bin path: 
. 2019-08-07 13:56:53.595 DST mode: Unix
. 2019-08-07 13:56:53.595 --------------------------------------------------------------------------
. 2019-08-07 13:56:53.595 Looking up host "transfer.rc.hms.harvard.edu" for SSH connection
. 2019-08-07 13:56:53.611 Connecting to 134.174.149.187 port 22
. 2019-08-07 13:56:53.612 We claim version: SSH-2.0-WinSCP_release_5.13.4
. 2019-08-07 13:56:53.618 Server version: SSH-2.0-OpenSSH_5.3
. 2019-08-07 13:56:53.618 We believe remote version has SSH-2 channel request bug
. 2019-08-07 13:56:53.618 Using SSH protocol version 2
. 2019-08-07 13:56:53.619 Have a known host key of type rsa2
. 2019-08-07 13:56:53.620 Doing Diffie-Hellman group exchange
. 2019-08-07 13:56:53.623 Doing Diffie-Hellman key exchange with hash SHA-256
. 2019-08-07 13:56:54.382 Server also has ssh-dss host key, but we don't know it
. 2019-08-07 13:56:54.383 Host key fingerprint is:
. 2019-08-07 13:56:54.383 ssh-rsa 2048 43:ad:74:a6:38:c5:54:31:41:05:f2:a2:d1:50:62:15 8yw8x5M4WqNYuVY3FMltn3Hu3rc19VN6pvBpWn2dsrw=
. 2019-08-07 13:56:54.383 Host key matches cached key
. 2019-08-07 13:56:54.384 Initialised AES-256 SDCTR client->server encryption
. 2019-08-07 13:56:54.384 Initialised HMAC-SHA-256 client->server MAC algorithm
. 2019-08-07 13:56:54.384 Initialised AES-256 SDCTR server->client encryption
. 2019-08-07 13:56:54.384 Initialised HMAC-SHA-256 server->client MAC algorithm
! 2019-08-07 13:56:54.426 Using username "mjm60".
. 2019-08-07 13:56:54.463 Server offered these authentication methods: publickey,gssapi-keyex,gssapi-with-mic,password
. 2019-08-07 13:56:54.463 Using SSPI from SECUR32.DLL
. 2019-08-07 13:56:54.463 Attempting GSSAPI authentication
. 2019-08-07 13:56:54.465 GSSAPI authentication request refused
. 2019-08-07 13:56:54.465 Server offered these authentication methods: publickey,gssapi-keyex,gssapi-with-mic,password
. 2019-08-07 13:56:54.465 Prompt (password, "SSH password", <no instructions>, "&Password: ")
. 2019-08-07 13:56:54.466 Using stored password.
. 2019-08-07 13:56:54.466 Sent password
. 2019-08-07 13:56:54.526 Access granted
. 2019-08-07 13:56:54.526 Opening session as main channel
. 2019-08-07 13:56:54.622 Opened main channel
. 2019-08-07 13:56:54.624 Started a shell/command
. 2019-08-07 13:56:54.624 --------------------------------------------------------------------------
. 2019-08-07 13:56:54.624 Using SFTP protocol.
. 2019-08-07 13:56:54.624 Doing startup conversation with host.
> 2019-08-07 13:56:54.625 Type: SSH_FXP_INIT, Size: 5, Number: -1
< 2019-08-07 13:56:54.641 Type: SSH_FXP_VERSION, Size: 95, Number: -1
. 2019-08-07 13:56:54.641 SFTP version 3 negotiated.
. 2019-08-07 13:56:54.641 Unknown server extension posix-rename@openssh.com="1"
. 2019-08-07 13:56:54.641 Supports statvfs@openssh.com extension version "2"
. 2019-08-07 13:56:54.641 Unknown server extension fstatvfs@openssh.com="2"
. 2019-08-07 13:56:54.641 We believe the server has signed timestamps bug
. 2019-08-07 13:56:54.641 We will use UTF-8 strings until server sends an invalid UTF-8 string as with SFTP version 3 and older UTF-8 strings are not mandatory
. 2019-08-07 13:56:54.641 Limiting packet size to OpenSSH sftp-server limit of 262148 bytes
. 2019-08-07 13:56:54.641 Getting current directory name.
. 2019-08-07 13:56:54.641 Getting real path for '.'
> 2019-08-07 13:56:54.641 Type: SSH_FXP_REALPATH, Size: 10, Number: 16
< 2019-08-07 13:56:54.642 Type: SSH_FXP_NAME, Size: 43, Number: 16
. 2019-08-07 13:56:54.642 Real path is '/home/mjm60'
. 2019-08-07 13:56:54.642 Startup conversation with host finished.
< 2019-08-07 13:56:54.642 Script: Active session: [1] mjm60@transfer.rc.hms.harvard.edu
> 2019-08-07 13:56:54.642 Script: mkdir "/n/scratch2/mjm60/2019_08_07_exp_1"
. 2019-08-07 13:56:54.642 Creating directory "/n/scratch2/mjm60/2019_08_07_exp_1".
. 2019-08-07 13:56:54.643 Canonifying: "/n/scratch2/mjm60/2019_08_07_exp_1"
. 2019-08-07 13:56:54.643 Getting real path for '/n/scratch2/mjm60/2019_08_07_exp_1'
> 2019-08-07 13:56:54.643 Type: SSH_FXP_REALPATH, Size: 43, Number: 528
< 2019-08-07 13:56:54.644 Type: SSH_FXP_STATUS, Size: 29, Number: 528
< 2019-08-07 13:56:54.644 Status code: 2, Message: 528, Server: No such file, Language:  
. 2019-08-07 13:56:54.645 Getting real path for '/n/scratch2/mjm60/'
> 2019-08-07 13:56:54.645 Type: SSH_FXP_REALPATH, Size: 27, Number: 784
< 2019-08-07 13:56:54.645 Type: SSH_FXP_NAME, Size: 55, Number: 784
. 2019-08-07 13:56:54.646 Real path is '/n/scratch2/mjm60'
. 2019-08-07 13:56:54.646 Canonified: "/n/scratch2/mjm60/2019_08_07_exp_1"
> 2019-08-07 13:56:54.646 Type: SSH_FXP_MKDIR, Size: 47, Number: 270
< 2019-08-07 13:56:54.648 Type: SSH_FXP_STATUS, Size: 24, Number: 270
< 2019-08-07 13:56:54.648 Status code: 0
> 2019-08-07 13:56:54.648 Script: mkdir "/n/scratch2/mjm60/2019_08_07_exp_1/BehaviorVideo"
. 2019-08-07 13:56:54.648 Creating directory "/n/scratch2/mjm60/2019_08_07_exp_1/BehaviorVideo".
. 2019-08-07 13:56:54.648 Canonifying: "/n/scratch2/mjm60/2019_08_07_exp_1/BehaviorVideo"
. 2019-08-07 13:56:54.648 Getting real path for '/n/scratch2/mjm60/2019_08_07_exp_1/BehaviorVideo'
> 2019-08-07 13:56:54.648 Type: SSH_FXP_REALPATH, Size: 57, Number: 1296
< 2019-08-07 13:56:54.650 Type: SSH_FXP_STATUS, Size: 29, Number: 1296
< 2019-08-07 13:56:54.650 Status code: 2, Message: 1296, Server: No such file, Language:  
. 2019-08-07 13:56:54.650 Getting real path for '/n/scratch2/mjm60/2019_08_07_exp_1/'
> 2019-08-07 13:56:54.650 Type: SSH_FXP_REALPATH, Size: 44, Number: 1552
< 2019-08-07 13:56:54.651 Type: SSH_FXP_NAME, Size: 89, Number: 1552
. 2019-08-07 13:56:54.651 Real path is '/n/scratch2/mjm60/2019_08_07_exp_1'
. 2019-08-07 13:56:54.651 Canonified: "/n/scratch2/mjm60/2019_08_07_exp_1/BehaviorVideo"
> 2019-08-07 13:56:54.651 Type: SSH_FXP_MKDIR, Size: 61, Number: 1038
< 2019-08-07 13:56:54.652 Type: SSH_FXP_STATUS, Size: 24, Number: 1038
< 2019-08-07 13:56:54.652 Status code: 0
> 2019-08-07 13:56:54.653 Script: mkdir "/n/scratch2/mjm60/2019_08_07_exp_1/ImagingData"
. 2019-08-07 13:56:54.653 Creating directory "/n/scratch2/mjm60/2019_08_07_exp_1/ImagingData".
. 2019-08-07 13:56:54.653 Canonifying: "/n/scratch2/mjm60/2019_08_07_exp_1/ImagingData"
. 2019-08-07 13:56:54.653 Getting real path for '/n/scratch2/mjm60/2019_08_07_exp_1/ImagingData'
> 2019-08-07 13:56:54.653 Type: SSH_FXP_REALPATH, Size: 55, Number: 2064
< 2019-08-07 13:56:54.654 Type: SSH_FXP_STATUS, Size: 29, Number: 2064
< 2019-08-07 13:56:54.654 Status code: 2, Message: 2064, Server: No such file, Language:  
. 2019-08-07 13:56:54.654 Getting real path for '/n/scratch2/mjm60/2019_08_07_exp_1/'
> 2019-08-07 13:56:54.654 Type: SSH_FXP_REALPATH, Size: 44, Number: 2320
< 2019-08-07 13:56:54.655 Type: SSH_FXP_NAME, Size: 89, Number: 2320
. 2019-08-07 13:56:54.655 Real path is '/n/scratch2/mjm60/2019_08_07_exp_1'
. 2019-08-07 13:56:54.655 Canonified: "/n/scratch2/mjm60/2019_08_07_exp_1/ImagingData"
> 2019-08-07 13:56:54.655 Type: SSH_FXP_MKDIR, Size: 59, Number: 1806
< 2019-08-07 13:56:54.657 Type: SSH_FXP_STATUS, Size: 24, Number: 1806
< 2019-08-07 13:56:54.657 Status code: 0
> 2019-08-07 13:56:54.657 Script: lcd "C:\Users\Wilson Lab\Desktop\Michael\Data\2019_08_07_exp_1"
< 2019-08-07 13:56:54.657 Script: C:\Users\Wilson Lab\Desktop\Michael\Data\2019_08_07_exp_1
> 2019-08-07 13:56:54.657 Script: put * "/n/scratch2/mjm60/2019_08_07_exp_1/BehaviorVideo/"
. 2019-08-07 13:56:54.658 Copying 3 files/directories to remote directory "/n/scratch2/mjm60/2019_08_07_exp_1/BehaviorVideo/" - total size: 0
. 2019-08-07 13:56:54.658   PrTime: Yes; PrRO: No; Rght: rw-r--r--; PrR: No (No); FnCs: N; RIC: 0100; Resume: S (102400); CalcS: No; Mask: 
. 2019-08-07 13:56:54.658   TM: B; ClAr: No; RemEOF: No; RemBOM: No; CPS: 0; NewerOnly: No; InclM: ; ResumeL: 0
. 2019-08-07 13:56:54.658   AscM: *.*html; *.htm; *.txt; *.php; *.php3; *.cgi; *.c; *.cpp; *.h; *.pas; *.bas; *.tex; *.pl; *.js; .htaccess; *.xtml; *.css; *.cfg; *.ini; *.sh; *.xml
. 2019-08-07 13:56:54.658 Getting real path for '/n/scratch2/mjm60/2019_08_07_exp_1/BehaviorVideo/'
> 2019-08-07 13:56:54.658 Type: SSH_FXP_REALPATH, Size: 58, Number: 2576
< 2019-08-07 13:56:54.660 Type: SSH_FXP_NAME, Size: 117, Number: 2576
. 2019-08-07 13:56:54.660 Real path is '/n/scratch2/mjm60/2019_08_07_exp_1/BehaviorVideo'
. 2019-08-07 13:56:54.661 File: 'test1.txt' [2019-08-07T16:58:06.890Z] [0]
. 2019-08-07 13:56:54.661 Copying "test1.txt" to remote directory started.
. 2019-08-07 13:56:54.661 Binary transfer mode selected.
. 2019-08-07 13:56:54.661 Opening remote file.
> 2019-08-07 13:56:54.661 Type: SSH_FXP_OPEN, Size: 83, Number: 2819
< 2019-08-07 13:56:54.662 Type: SSH_FXP_HANDLE, Size: 13, Number: 2819
> 2019-08-07 13:56:54.663 Type: SSH_FXP_CLOSE, Size: 13, Number: 3332
> 2019-08-07 13:56:54.663 Type: SSH_FXP_SETSTAT, Size: 79, Number: 3081
< 2019-08-07 13:56:54.664 Type: SSH_FXP_STATUS, Size: 24, Number: 3332
< 2019-08-07 13:56:54.664 Status code: 0
. 2019-08-07 13:56:54.664 Preserving timestamp [2019-08-07T16:58:06.000Z]
< 2019-08-07 13:56:54.666 Type: SSH_FXP_STATUS, Size: 24, Number: 3081
< 2019-08-07 13:56:54.666 Status code: 0
. 2019-08-07 13:56:54.666 Transfer done: 'test1.txt' => '/n/scratch2/mjm60/2019_08_07_exp_1/BehaviorVideo/test1.txt' [0]
. 2019-08-07 13:56:54.667 File: 'test2.txt' [2019-08-07T16:58:06.890Z] [0]
. 2019-08-07 13:56:54.667 Copying "test2.txt" to remote directory started.
. 2019-08-07 13:56:54.667 Binary transfer mode selected.
. 2019-08-07 13:56:54.667 Opening remote file.
> 2019-08-07 13:56:54.667 Type: SSH_FXP_OPEN, Size: 83, Number: 3587
< 2019-08-07 13:56:54.668 Type: SSH_FXP_HANDLE, Size: 13, Number: 3587
> 2019-08-07 13:56:54.668 Type: SSH_FXP_CLOSE, Size: 13, Number: 4100
> 2019-08-07 13:56:54.668 Type: SSH_FXP_SETSTAT, Size: 79, Number: 3849
< 2019-08-07 13:56:54.669 Type: SSH_FXP_STATUS, Size: 24, Number: 4100
< 2019-08-07 13:56:54.669 Status code: 0
. 2019-08-07 13:56:54.669 Preserving timestamp [2019-08-07T16:58:06.000Z]
< 2019-08-07 13:56:54.672 Type: SSH_FXP_STATUS, Size: 24, Number: 3849
< 2019-08-07 13:56:54.672 Status code: 0
. 2019-08-07 13:56:54.672 Transfer done: 'test2.txt' => '/n/scratch2/mjm60/2019_08_07_exp_1/BehaviorVideo/test2.txt' [0]
. 2019-08-07 13:56:54.672 File: 'test3.txt' [2019-08-07T16:58:06.890Z] [0]
. 2019-08-07 13:56:54.673 Copying "test3.txt" to remote directory started.
. 2019-08-07 13:56:54.673 Binary transfer mode selected.
. 2019-08-07 13:56:54.673 Opening remote file.
> 2019-08-07 13:56:54.673 Type: SSH_FXP_OPEN, Size: 83, Number: 4355
< 2019-08-07 13:56:54.674 Type: SSH_FXP_HANDLE, Size: 13, Number: 4355
> 2019-08-07 13:56:54.674 Type: SSH_FXP_CLOSE, Size: 13, Number: 4868
> 2019-08-07 13:56:54.674 Type: SSH_FXP_SETSTAT, Size: 79, Number: 4617
< 2019-08-07 13:56:54.675 Type: SSH_FXP_STATUS, Size: 24, Number: 4868
< 2019-08-07 13:56:54.675 Status code: 0
. 2019-08-07 13:56:54.675 Preserving timestamp [2019-08-07T16:58:06.000Z]
< 2019-08-07 13:56:54.677 Type: SSH_FXP_STATUS, Size: 24, Number: 4617
< 2019-08-07 13:56:54.677 Status code: 0
. 2019-08-07 13:56:54.677 Transfer done: 'test3.txt' => '/n/scratch2/mjm60/2019_08_07_exp_1/BehaviorVideo/test3.txt' [0]
. 2019-08-07 13:56:54.677 Copying finished: Transferred: 0, Elapsed: 0:00:00, CPS: 0/s
> 2019-08-07 13:56:54.677 Script: exit
. 2019-08-07 13:56:54.677 Script: Exit code: 0
. 2019-08-07 13:56:54.677 Closing connection.
. 2019-08-07 13:56:54.677 Sending special code: 12
. 2019-08-07 13:56:54.677 Sent EOF message
